<?xml version="1.0" encoding="UTF-8"?>
<testng-results ignored="0" total="1" passed="1" failed="0" skipped="0">
  <reporter-output>
  </reporter-output>
  <suite started-at="2021-12-14T12:15:28Z" name="Default suite" finished-at="2021-12-14T12:15:34Z" duration-ms="5716">
    <groups>
    </groups>
    <test started-at="2021-12-14T12:15:28Z" name="Default test" finished-at="2021-12-14T12:15:34Z" duration-ms="5716">
      <class name="com.sample.test.demo.tests.PizzaPlaceOrderWithoutDetailsTest">
        <test-method is-config="true" signature="init()[pri:0, instance:com.sample.test.demo.tests.PizzaPlaceOrderWithoutDetailsTest@525575]" started-at="2021-12-14T12:15:28Z" name="init" finished-at="2021-12-14T12:15:32Z" duration-ms="3805" status="PASS">
          <reporter-output>
          </reporter-output>
        </test-method> <!-- init -->
        <test-method signature="verifyErrorMsgOnInvalidDetails()[pri:0, instance:com.sample.test.demo.tests.PizzaPlaceOrderWithoutDetailsTest@525575]" started-at="2021-12-14T12:15:32Z" name="verifyErrorMsgOnInvalidDetails" description="verify whether user is getting proper error popup on without selecting name &amp; email" finished-at="2021-12-14T12:15:33Z" duration-ms="1007" status="PASS">
          <reporter-output>
          </reporter-output>
        </test-method> <!-- verifyErrorMsgOnInvalidDetails -->
        <test-method is-config="true" signature="tearDown()[pri:0, instance:com.sample.test.demo.tests.PizzaPlaceOrderWithoutDetailsTest@525575]" started-at="2021-12-14T12:15:33Z" name="tearDown" finished-at="2021-12-14T12:15:34Z" duration-ms="870" status="PASS">
          <reporter-output>
          </reporter-output>
        </test-method> <!-- tearDown -->
      </class> <!-- com.sample.test.demo.tests.PizzaPlaceOrderWithoutDetailsTest -->
    </test> <!-- Default test -->
  </suite> <!-- Default suite -->
</testng-results>
